This is pdfTeX, Version 3.141592653-2.6-1.40.22 (TeX Live 2021) (preloaded format=pdflatex 2021.9.7)  22 SEP 2021 08:49
entering extended mode
 restricted \write18 enabled.
 %&-line parsing enabled.
**openfdempost-processing.tex
(./openfdempost-processing.tex
LaTeX2e <2020-10-01> patch level 4
L3 programming layer <2021-02-18> (./sphinxmanual.cls
Document Class: sphinxmanual 2019/12/01 v2.3.0 Document class (Sphinx manual)
(/usr/local/texlive/2021/texmf-dist/tex/latex/base/report.cls
Document Class: report 2020/04/10 v1.4m Standard LaTeX document class
(/usr/local/texlive/2021/texmf-dist/tex/latex/base/size10.clo
File: size10.clo 2020/04/10 v1.4m Standard LaTeX file (size option)
)
\c@part=\count179
\c@chapter=\count180
\c@section=\count181
\c@subsection=\count182
\c@subsubsection=\count183
\c@paragraph=\count184
\c@subparagraph=\count185
\c@figure=\count186
\c@table=\count187
\abovecaptionskip=\skip47
\belowcaptionskip=\skip48
\bibindent=\dimen138
)
LaTeX Info: Redefining \and on input line 35.
)
(/usr/local/texlive/2021/texmf-dist/tex/latex/base/inputenc.sty
Package: inputenc 2020/08/01 v1.3d Input encoding file
\inpenc@prehook=\toks15
\inpenc@posthook=\toks16
)
   defining Unicode char U+00A0 (decimal 160)
   defining Unicode char U+2500 (decimal 9472)
   defining Unicode char U+2502 (decimal 9474)
   defining Unicode char U+2514 (decimal 9492)
   defining Unicode char U+251C (decimal 9500)
   defining Unicode char U+2572 (decimal 9586)

(/usr/local/texlive/2021/texmf-dist/tex/latex/cmap/cmap.sty
Package: cmap 2021/02/06 v1.0j CMap support: searchable PDF
)
(/usr/local/texlive/2021/texmf-dist/tex/latex/base/fontenc.sty
Package: fontenc 2020/08/10 v2.0s Standard LaTeX package
<<t1.cmap>>)
(/usr/local/texlive/2021/texmf-dist/tex/latex/amsmath/amsmath.sty
Package: amsmath 2020/09/23 v2.17i AMS math features
\@mathmargin=\skip49

For additional information on amsmath, use the `?' option.
(/usr/local/texlive/2021/texmf-dist/tex/latex/amsmath/amstext.sty
Package: amstext 2000/06/29 v2.01 AMS text

(/usr/local/texlive/2021/texmf-dist/tex/latex/amsmath/amsgen.sty
File: amsgen.sty 1999/11/30 v2.0 generic functions
\@emptytoks=\toks17
\ex@=\dimen139
))
(/usr/local/texlive/2021/texmf-dist/tex/latex/amsmath/amsbsy.sty
Package: amsbsy 1999/11/29 v1.2d Bold Symbols
\pmbraise@=\dimen140
)
(/usr/local/texlive/2021/texmf-dist/tex/latex/amsmath/amsopn.sty
Package: amsopn 2016/03/08 v2.02 operator names
)
\inf@bad=\count188
LaTeX Info: Redefining \frac on input line 234.
\uproot@=\count189
\leftroot@=\count190
LaTeX Info: Redefining \overline on input line 399.
\classnum@=\count191
\DOTSCASE@=\count192
LaTeX Info: Redefining \ldots on input line 496.
LaTeX Info: Redefining \dots on input line 499.
LaTeX Info: Redefining \cdots on input line 620.
\Mathstrutbox@=\box47
\strutbox@=\box48
\big@size=\dimen141
LaTeX Font Info:    Redeclaring font encoding OML on input line 743.
LaTeX Font Info:    Redeclaring font encoding OMS on input line 744.
\macc@depth=\count193
\c@MaxMatrixCols=\count194
\dotsspace@=\muskip16
\c@parentequation=\count195
\dspbrk@lvl=\count196
\tag@help=\toks18
\row@=\count197
\column@=\count198
\maxfields@=\count199
\andhelp@=\toks19
\eqnshift@=\dimen142
\alignsep@=\dimen143
\tagshift@=\dimen144
\tagwidth@=\dimen145
\totwidth@=\dimen146
\lineht@=\dimen147
\@envbody=\toks20
\multlinegap=\skip50
\multlinetaggap=\skip51
\mathdisplay@stack=\toks21
LaTeX Info: Redefining \[ on input line 2923.
LaTeX Info: Redefining \] on input line 2924.
)
(/usr/local/texlive/2021/texmf-dist/tex/latex/amsfonts/amssymb.sty
Package: amssymb 2013/01/14 v3.01 AMS font symbols

(/usr/local/texlive/2021/texmf-dist/tex/latex/amsfonts/amsfonts.sty
Package: amsfonts 2013/01/14 v3.01 Basic AMSFonts support
\symAMSa=\mathgroup4
\symAMSb=\mathgroup5
LaTeX Font Info:    Redeclaring math symbol \hbar on input line 98.
LaTeX Font Info:    Overwriting math alphabet `\mathfrak' in version `bold'
(Font)                  U/euf/m/n --> U/euf/b/n on input line 106.
))
(/usr/local/texlive/2021/texmf-dist/tex/generic/babel/babel.sty
Package: babel 2021/03/24 3.56 The Babel package

(/usr/local/texlive/2021/texmf-dist/tex/generic/babel/babel.def
File: babel.def 2021/03/24 3.56 Babel common definitions
\babel@savecnt=\count266
\U@D=\dimen148
\l@babelnohyphens=\language87

(/usr/local/texlive/2021/texmf-dist/tex/generic/babel/txtbabel.def)
\bbl@readstream=\read2
)
\bbl@dirlevel=\count267

(/usr/local/texlive/2021/texmf-dist/tex/generic/babel-english/english.ldf
Language: english 2017/06/06 v3.3r English support from the babel system
Package babel Info: \l@canadian = using hyphenrules for english
(babel)             (\language0) on input line 102.
Package babel Info: \l@australian = using hyphenrules for ukenglish
(babel)             (\language21) on input line 105.
Package babel Info: \l@newzealand = using hyphenrules for ukenglish
(babel)             (\language21) on input line 108.
))
(/usr/local/texlive/2021/texmf-dist/tex/latex/psnfss/times.sty
Package: times 2020/03/25 PSNFSS-v9.3 (SPQR) 
)
(/usr/local/texlive/2021/texmf-dist/tex/latex/fncychap/fncychap.sty
Package: fncychap 2007/07/30 v1.34 LaTeX package (Revised chapters)
\RW=\skip52
\mylen=\skip53
\myhi=\skip54
\px=\skip55
\py=\skip56
\pyy=\skip57
\pxx=\skip58
\c@AlphaCnt=\count268
\c@AlphaDecCnt=\count269
)
(./sphinx.sty
Package: sphinx 2019/09/02 v2.3.0 LaTeX package (Sphinx markup)

(/usr/local/texlive/2021/texmf-dist/tex/generic/ltxcmds/ltxcmds.sty
Package: ltxcmds 2020-05-10 v1.25 LaTeX kernel commands for general use (HO)
)
(/usr/local/texlive/2021/texmf-dist/tex/latex/graphics/graphicx.sty
Package: graphicx 2020/09/09 v1.2b Enhanced LaTeX Graphics (DPC,SPQR)

(/usr/local/texlive/2021/texmf-dist/tex/latex/graphics/keyval.sty
Package: keyval 2014/10/28 v1.15 key=value parser (DPC)
\KV@toks@=\toks22
)
(/usr/local/texlive/2021/texmf-dist/tex/latex/graphics/graphics.sty
Package: graphics 2020/08/30 v1.4c Standard LaTeX Graphics (DPC,SPQR)

(/usr/local/texlive/2021/texmf-dist/tex/latex/graphics/trig.sty
Package: trig 2016/01/03 v1.10 sin cos tan (DPC)
)
(/usr/local/texlive/2021/texmf-dist/tex/latex/graphics-cfg/graphics.cfg
File: graphics.cfg 2016/06/04 v1.11 sample graphics configuration
)
Package graphics Info: Driver file: pdftex.def on input line 105.

(/usr/local/texlive/2021/texmf-dist/tex/latex/graphics-def/pdftex.def
File: pdftex.def 2020/10/05 v1.2a Graphics/color driver for pdftex
))
\Gin@req@height=\dimen149
\Gin@req@width=\dimen150
)
(/usr/local/texlive/2021/texmf-dist/tex/latex/fancyhdr/fancyhdr.sty
Package: fancyhdr 2021/01/28 v4.0.1 Extensive control of page headers and foote
rs
\f@nch@headwidth=\skip59
\f@nch@O@elh=\skip60
\f@nch@O@erh=\skip61
\f@nch@O@olh=\skip62
\f@nch@O@orh=\skip63
\f@nch@O@elf=\skip64
\f@nch@O@erf=\skip65
\f@nch@O@olf=\skip66
\f@nch@O@orf=\skip67
)
(/usr/local/texlive/2021/texmf-dist/tex/latex/base/textcomp.sty
Package: textcomp 2020/02/02 v2.0n Standard LaTeX package
)
(/usr/local/texlive/2021/texmf-dist/tex/latex/titlesec/titlesec.sty
Package: titlesec 2019/10/16 v2.13 Sectioning titles
\ttl@box=\box49
\beforetitleunit=\skip68
\aftertitleunit=\skip69
\ttl@plus=\dimen151
\ttl@minus=\dimen152
\ttl@toksa=\toks23
\titlewidth=\dimen153
\titlewidthlast=\dimen154
\titlewidthfirst=\dimen155
)
(/usr/local/texlive/2021/texmf-dist/tex/latex/tabulary/tabulary.sty
Package: tabulary 2014/06/11 v0.10 tabulary package (DPC)

(/usr/local/texlive/2021/texmf-dist/tex/latex/tools/array.sty
Package: array 2020/10/01 v2.5c Tabular extension package (FMi)
\col@sep=\dimen156
\ar@mcellbox=\box50
\extrarowheight=\dimen157
\NC@list=\toks24
\extratabsurround=\skip70
\backup@length=\skip71
\ar@cellbox=\box51
)
\TY@count=\count270
\TY@linewidth=\dimen158
\tymin=\dimen159
\tymax=\dimen160
\TY@tablewidth=\dimen161
)
(/usr/local/texlive/2021/texmf-dist/tex/latex/tools/longtable.sty
Package: longtable 2020/01/07 v4.13 Multi-page Table package (DPC)
\LTleft=\skip72
\LTright=\skip73
\LTpre=\skip74
\LTpost=\skip75
\LTchunksize=\count271
\LTcapwidth=\dimen162
\LT@head=\box52
\LT@firsthead=\box53
\LT@foot=\box54
\LT@lastfoot=\box55
\LT@cols=\count272
\LT@rows=\count273
\c@LT@tables=\count274
\c@LT@chunks=\count275
\LT@p@ftn=\toks25
)
(/usr/local/texlive/2021/texmf-dist/tex/latex/varwidth/varwidth.sty
Package: varwidth 2009/03/30 ver 0.92;  Variable-width minipages
\@vwid@box=\box56
\sift@deathcycles=\count276
\@vwid@loff=\dimen163
\@vwid@roff=\dimen164
)
(./sphinxmulticell.sty
Package: sphinxmulticell 2017/02/23 v1.6 better span rows and columns of a tabl
e (Sphinx team)
\sphinx@TY@tablewidth=\dimen165
)
(/usr/local/texlive/2021/texmf-dist/tex/latex/base/makeidx.sty
Package: makeidx 2014/09/29 v1.0m Standard LaTeX package
)
(/usr/local/texlive/2021/texmf-dist/tex/latex/framed/framed.sty
Package: framed 2011/10/22 v 0.96: framed or shaded text with page breaks
\OuterFrameSep=\skip76
\fb@frw=\dimen166
\fb@frh=\dimen167
\FrameRule=\dimen168
\FrameSep=\dimen169
)
(/usr/local/texlive/2021/texmf-dist/tex/latex/xcolor/xcolor.sty
Package: xcolor 2016/05/11 v2.12 LaTeX color extensions (UK)

(/usr/local/texlive/2021/texmf-dist/tex/latex/graphics-cfg/color.cfg
File: color.cfg 2016/01/02 v1.6 sample color configuration
)
Package xcolor Info: Driver file: pdftex.def on input line 225.
Package xcolor Info: Model `cmy' substituted by `cmy0' on input line 1348.
Package xcolor Info: Model `hsb' substituted by `rgb' on input line 1352.
Package xcolor Info: Model `RGB' extended on input line 1364.
Package xcolor Info: Model `HTML' substituted by `rgb' on input line 1366.
Package xcolor Info: Model `Hsb' substituted by `hsb' on input line 1367.
Package xcolor Info: Model `tHsb' substituted by `hsb' on input line 1368.
Package xcolor Info: Model `HSB' substituted by `hsb' on input line 1369.
Package xcolor Info: Model `Gray' substituted by `gray' on input line 1370.
Package xcolor Info: Model `wave' substituted by `hsb' on input line 1371.
)
(/usr/local/texlive/2021/texmf-dist/tex/latex/fancyvrb/fancyvrb.sty
Package: fancyvrb 2021/01/20 v3.7 verbatim text (tvz,hv)
\FV@CodeLineNo=\count277
\FV@InFile=\read3
\FV@TabBox=\box57
\c@FancyVerbLine=\count278
\FV@StepNumber=\count279
\FV@OutFile=\write3
)
(./footnotehyper-sphinx.sty
Package: footnotehyper-sphinx 2017/10/27 v1.7 hyperref aware footnote.sty for s
phinx (JFB)
\FNH@notes=\box58
\FNH@width=\dimen170
)
(/usr/local/texlive/2021/texmf-dist/tex/latex/float/float.sty
Package: float 2001/11/08 v1.3d Float enhancements (AL)
\c@float@type=\count280
\float@exts=\toks26
\float@box=\box59
\@float@everytoks=\toks27
\@floatcapt=\box60
)
(/usr/local/texlive/2021/texmf-dist/tex/latex/wrapfig/wrapfig.sty
\wrapoverhang=\dimen171
\WF@size=\dimen172
\c@WF@wrappedlines=\count281
\WF@box=\box61
\WF@everypar=\toks28
Package: wrapfig 2003/01/31  v 3.6
)
(/usr/local/texlive/2021/texmf-dist/tex/latex/parskip/parskip.sty
Rollback for package 'parskip' requested -> version 'v1'.
         This corresponds to the release introduced on 2001-04-09.

(/usr/local/texlive/2021/texmf-dist/tex/latex/parskip/parskip-2001-04-09.sty
Package: parskip 2001/04/09 non-zero parskip adjustments
))
(/usr/local/texlive/2021/texmf-dist/tex/latex/base/alltt.sty
Package: alltt 1997/06/16 v2.0g defines alltt environment
)
(/usr/local/texlive/2021/texmf-dist/tex/latex/upquote/upquote.sty
Package: upquote 2012/04/19 v1.3 upright-quote and grave-accent glyphs in verba
tim
)
(/usr/local/texlive/2021/texmf-dist/tex/latex/capt-of/capt-of.sty
Package: capt-of 2009/12/29 v0.2 standard captions outside of floats
)
(/usr/local/texlive/2021/texmf-dist/tex/latex/needspace/needspace.sty
Package: needspace 2010/09/12 v1.3d reserve vertical space
)
(./sphinxhighlight.sty
Package: sphinxhighlight 2016/05/29 stylesheet for highlighting with pygments
)
(/usr/local/texlive/2021/texmf-dist/tex/latex/kvoptions/kvoptions.sty
Package: kvoptions 2020-10-07 v3.14 Key value format for package options (HO)

(/usr/local/texlive/2021/texmf-dist/tex/generic/kvsetkeys/kvsetkeys.sty
Package: kvsetkeys 2019/12/15 v1.18 Key value parser (HO)
))
\sphinxverbatimsep=\dimen173
\sphinxverbatimborder=\dimen174
\sphinxshadowsep=\dimen175
\sphinxshadowsize=\dimen176
\sphinxshadowrule=\dimen177
\spx@notice@border=\dimen178
\spx@image@maxheight=\dimen179
\spx@image@box=\dimen180
\c@literalblock=\count282
\sphinxcontinuationbox=\box62
\sphinxvisiblespacebox=\box63
\sphinxVerbatim@TitleBox=\box64
\sphinxVerbatim@ContentsBox=\box65
\py@argswidth=\skip77
\lineblockindentation=\skip78
\DUlineblockindent=\skip79
)
(/usr/local/texlive/2021/texmf-dist/tex/latex/geometry/geometry.sty
Package: geometry 2020/01/02 v5.9 Page Geometry

(/usr/local/texlive/2021/texmf-dist/tex/generic/iftex/ifvtex.sty
Package: ifvtex 2019/10/25 v1.7 ifvtex legacy package. Use iftex instead.

(/usr/local/texlive/2021/texmf-dist/tex/generic/iftex/iftex.sty
Package: iftex 2020/03/06 v1.0d TeX engine tests
))
\Gm@cnth=\count283
\Gm@cntv=\count284
\c@Gm@tempcnt=\count285
\Gm@bindingoffset=\dimen181
\Gm@wd@mp=\dimen182
\Gm@odd@mp=\dimen183
\Gm@even@mp=\dimen184
\Gm@layoutwidth=\dimen185
\Gm@layoutheight=\dimen186
\Gm@layouthoffset=\dimen187
\Gm@layoutvoffset=\dimen188
\Gm@dimlist=\toks29
)
(/usr/local/texlive/2021/texmf-dist/tex/latex/hyperref/hyperref.sty
Package: hyperref 2021-02-27 v7.00k Hypertext links for LaTeX

(/usr/local/texlive/2021/texmf-dist/tex/generic/pdftexcmds/pdftexcmds.sty
Package: pdftexcmds 2020-06-27 v0.33 Utility functions of pdfTeX for LuaTeX (HO
)

(/usr/local/texlive/2021/texmf-dist/tex/generic/infwarerr/infwarerr.sty
Package: infwarerr 2019/12/03 v1.5 Providing info/warning/error messages (HO)
)
Package pdftexcmds Info: \pdf@primitive is available.
Package pdftexcmds Info: \pdf@ifprimitive is available.
Package pdftexcmds Info: \pdfdraftmode found.
)
(/usr/local/texlive/2021/texmf-dist/tex/generic/kvdefinekeys/kvdefinekeys.sty
Package: kvdefinekeys 2019-12-19 v1.6 Define keys (HO)
)
(/usr/local/texlive/2021/texmf-dist/tex/generic/pdfescape/pdfescape.sty
Package: pdfescape 2019/12/09 v1.15 Implements pdfTeX's escape features (HO)
)
(/usr/local/texlive/2021/texmf-dist/tex/latex/hycolor/hycolor.sty
Package: hycolor 2020-01-27 v1.10 Color options for hyperref/bookmark (HO)
)
(/usr/local/texlive/2021/texmf-dist/tex/latex/letltxmacro/letltxmacro.sty
Package: letltxmacro 2019/12/03 v1.6 Let assignment for LaTeX macros (HO)
)
(/usr/local/texlive/2021/texmf-dist/tex/latex/auxhook/auxhook.sty
Package: auxhook 2019-12-17 v1.6 Hooks for auxiliary files (HO)
)
\@linkdim=\dimen189
\Hy@linkcounter=\count286
\Hy@pagecounter=\count287

(/usr/local/texlive/2021/texmf-dist/tex/latex/hyperref/pd1enc.def
File: pd1enc.def 2021-02-27 v7.00k Hyperref: PDFDocEncoding definition (HO)
Now handling font encoding PD1 ...
... no UTF-8 mapping file for font encoding PD1
)
(/usr/local/texlive/2021/texmf-dist/tex/latex/hyperref/hyperref-langpatches.def
File: hyperref-langpatches.def 2021-02-27 v7.00k Hyperref: patches for babel la
nguages
) (/usr/local/texlive/2021/texmf-dist/tex/generic/intcalc/intcalc.sty
Package: intcalc 2019/12/15 v1.3 Expandable calculations with integers (HO)
)
(/usr/local/texlive/2021/texmf-dist/tex/generic/etexcmds/etexcmds.sty
Package: etexcmds 2019/12/15 v1.7 Avoid name clashes with e-TeX commands (HO)
)
\Hy@SavedSpaceFactor=\count288

(/usr/local/texlive/2021/texmf-dist/tex/latex/hyperref/puenc.def
File: puenc.def 2021-02-27 v7.00k Hyperref: PDF Unicode definition (HO)
Now handling font encoding PU ...
... no UTF-8 mapping file for font encoding PU
)
Package hyperref Info: Option `unicode' set `true' on input line 4073.
Package hyperref Info: Option `colorlinks' set `true' on input line 4073.
Package hyperref Info: Option `breaklinks' set `true' on input line 4073.
Package hyperref Info: Hyper figures OFF on input line 4192.
Package hyperref Info: Link nesting OFF on input line 4197.
Package hyperref Info: Hyper index ON on input line 4200.
Package hyperref Info: Plain pages OFF on input line 4207.
Package hyperref Info: Backreferencing OFF on input line 4212.
Package hyperref Info: Implicit mode ON; LaTeX internals redefined.
Package hyperref Info: Bookmarks ON on input line 4445.
\c@Hy@tempcnt=\count289

(/usr/local/texlive/2021/texmf-dist/tex/latex/url/url.sty
\Urlmuskip=\muskip17
Package: url 2013/09/16  ver 3.4  Verb mode for urls, etc.
)
LaTeX Info: Redefining \url on input line 4804.
\XeTeXLinkMargin=\dimen190

(/usr/local/texlive/2021/texmf-dist/tex/generic/bitset/bitset.sty
Package: bitset 2019/12/09 v1.3 Handle bit-vector datatype (HO)

(/usr/local/texlive/2021/texmf-dist/tex/generic/bigintcalc/bigintcalc.sty
Package: bigintcalc 2019/12/15 v1.5 Expandable calculations on big integers (HO
)
))
\Fld@menulength=\count290
\Field@Width=\dimen191
\Fld@charsize=\dimen192
Package hyperref Info: Hyper figures OFF on input line 6075.
Package hyperref Info: Link nesting OFF on input line 6080.
Package hyperref Info: Hyper index ON on input line 6083.
Package hyperref Info: backreferencing OFF on input line 6090.
Package hyperref Info: Link coloring ON on input line 6093.
Package hyperref Info: Link coloring with OCG OFF on input line 6100.
Package hyperref Info: PDF/A mode OFF on input line 6105.
LaTeX Info: Redefining \ref on input line 6145.
LaTeX Info: Redefining \pageref on input line 6149.

(/usr/local/texlive/2021/texmf-dist/tex/latex/base/atbegshi-ltx.sty
Package: atbegshi-ltx 2020/08/17 v1.0a Emulation of the original atbegshi packa
ge
with kernel methods
)
\Hy@abspage=\count291
\c@Item=\count292
\c@Hfootnote=\count293
)
Package hyperref Info: Driver (autodetected): hpdftex.

(/usr/local/texlive/2021/texmf-dist/tex/latex/hyperref/hpdftex.def
File: hpdftex.def 2021-02-27 v7.00k Hyperref driver for pdfTeX

(/usr/local/texlive/2021/texmf-dist/tex/latex/base/atveryend-ltx.sty
Package: atveryend-ltx 2020/08/19 v1.0a Emulation of the original atvery packag
e
with kernel methods
)
\Fld@listcount=\count294
\c@bookmark@seq@number=\count295

(/usr/local/texlive/2021/texmf-dist/tex/latex/rerunfilecheck/rerunfilecheck.sty
Package: rerunfilecheck 2019/12/05 v1.9 Rerun checks for auxiliary files (HO)

(/usr/local/texlive/2021/texmf-dist/tex/generic/uniquecounter/uniquecounter.sty
Package: uniquecounter 2019/12/15 v1.4 Provide unlimited unique counter (HO)
)
Package uniquecounter Info: New unique counter `rerunfilecheck' on input line 2
86.
)
\Hy@SectionHShift=\skip80
) (/usr/local/texlive/2021/texmf-dist/tex/latex/oberdiek/hypcap.sty
Package: hypcap 2016/05/16 v1.12 Adjusting the anchors of captions (HO)
)
(./sphinxmessages.sty
Package: sphinxmessages 2019/01/04 v2.0 Localized LaTeX macros (Sphinx team)
)
\@indexfile=\write4
\openout4 = `openfdempost-processing.idx'.


Writing index file openfdempost-processing.idx
LaTeX Font Info:    Trying to load font information for T1+ptm on input line 83
.
(/usr/local/texlive/2021/texmf-dist/tex/latex/psnfss/t1ptm.fd
File: t1ptm.fd 2001/06/04 font definitions for T1/ptm.
)
(/usr/local/texlive/2021/texmf-dist/tex/latex/l3backend/l3backend-pdftex.def
File: l3backend-pdftex.def 2021-03-18 L3 backend support: PDF output (pdfTeX)
\l__color_backend_stack_int=\count296
\l__pdf_internal_box=\box66
)
(./openfdempost-processing.aux)
\openout1 = `openfdempost-processing.aux'.

LaTeX Font Info:    Checking defaults for OML/cmm/m/it on input line 83.
LaTeX Font Info:    ... okay on input line 83.
LaTeX Font Info:    Checking defaults for OMS/cmsy/m/n on input line 83.
LaTeX Font Info:    ... okay on input line 83.
LaTeX Font Info:    Checking defaults for OT1/cmr/m/n on input line 83.
LaTeX Font Info:    ... okay on input line 83.
LaTeX Font Info:    Checking defaults for T1/cmr/m/n on input line 83.
LaTeX Font Info:    ... okay on input line 83.
LaTeX Font Info:    Checking defaults for TS1/cmr/m/n on input line 83.
LaTeX Font Info:    ... okay on input line 83.
LaTeX Font Info:    Checking defaults for OMX/cmex/m/n on input line 83.
LaTeX Font Info:    ... okay on input line 83.
LaTeX Font Info:    Checking defaults for U/cmr/m/n on input line 83.
LaTeX Font Info:    ... okay on input line 83.
LaTeX Font Info:    Checking defaults for PD1/pdf/m/n on input line 83.
LaTeX Font Info:    ... okay on input line 83.
LaTeX Font Info:    Checking defaults for PU/pdf/m/n on input line 83.
LaTeX Font Info:    ... okay on input line 83.

(/usr/local/texlive/2021/texmf-dist/tex/context/base/mkii/supp-pdf.mkii
[Loading MPS to PDF converter (version 2006.09.02).]
\scratchcounter=\count297
\scratchdimen=\dimen193
\scratchbox=\box67
\nofMPsegments=\count298
\nofMParguments=\count299
\everyMPshowfont=\toks30
\MPscratchCnt=\count300
\MPscratchDim=\dimen194
\MPnumerator=\count301
\makeMPintoPDFobject=\count302
\everyMPtoPDFconversion=\toks31
) (/usr/local/texlive/2021/texmf-dist/tex/latex/epstopdf-pkg/epstopdf-base.sty
Package: epstopdf-base 2020-01-24 v2.11 Base part for package epstopdf
Package epstopdf-base Info: Redefining graphics rule for `.eps' on input line 4
85.

(/usr/local/texlive/2021/texmf-dist/tex/latex/latexconfig/epstopdf-sys.cfg
File: epstopdf-sys.cfg 2010/07/13 v1.3 Configuration of (r)epstopdf for TeX Liv
e
))
*geometry* driver: auto-detecting
*geometry* detected driver: pdftex
*geometry* verbose mode - [ preamble ] result:
* driver: pdftex
* paper: letterpaper
* layout: <same size as paper>
* layoutoffset:(h,v)=(0.0pt,0.0pt)
* modes: twoside 
* h-part:(L,W,R)=(72.26999pt, 469.75502pt, 72.26999pt)
* v-part:(T,H,B)=(72.26999pt, 650.43001pt, 72.26999pt)
* \paperwidth=614.295pt
* \paperheight=794.96999pt
* \textwidth=469.75502pt
* \textheight=650.43001pt
* \oddsidemargin=0.0pt
* \evensidemargin=0.0pt
* \topmargin=-37.0pt
* \headheight=12.0pt
* \headsep=25.0pt
* \topskip=10.0pt
* \footskip=30.0pt
* \marginparwidth=36.135pt
* \marginparsep=11.0pt
* \columnsep=10.0pt
* \skip\footins=9.0pt plus 4.0pt minus 2.0pt
* \hoffset=0.0pt
* \voffset=0.0pt
* \mag=1000
* \@twocolumnfalse
* \@twosidetrue
* \@mparswitchtrue
* \@reversemarginfalse
* (1in=72.27pt=25.4mm, 1cm=28.453pt)

Package hyperref Info: Link coloring ON on input line 83.
(/usr/local/texlive/2021/texmf-dist/tex/latex/hyperref/nameref.sty
Package: nameref 2021-04-02 v2.47 Cross-referencing by name of section

(/usr/local/texlive/2021/texmf-dist/tex/latex/refcount/refcount.sty
Package: refcount 2019/12/15 v3.6 Data extraction from label references (HO)
)
(/usr/local/texlive/2021/texmf-dist/tex/generic/gettitlestring/gettitlestring.s
ty
Package: gettitlestring 2019/12/15 v1.6 Cleanup title references (HO)
)
\c@section@level=\count303
)
LaTeX Info: Redefining \ref on input line 83.
LaTeX Info: Redefining \pageref on input line 83.
LaTeX Info: Redefining \nameref on input line 83.
 (./openfdempost-processing.out) (./openfdempost-processing.out)
\@outlinefile=\write5
\openout5 = `openfdempost-processing.out'.

Package hyperref Info: Option `pageanchor' set `false' on input line 86.
LaTeX Font Info:    Trying to load font information for T1+phv on input line 86
.

(/usr/local/texlive/2021/texmf-dist/tex/latex/psnfss/t1phv.fd
File: t1phv.fd 2020/03/25 scalable font definitions for T1/phv.
)
LaTeX Font Info:    Font shape `T1/phv/b/it' in size <10> not available
(Font)              Font shape `T1/phv/b/sl' tried instead on input line 86.
LaTeX Font Info:    Font shape `T1/phv/b/it' in size <17.28> not available
(Font)              Font shape `T1/phv/b/sl' tried instead on input line 86.
<<ot1.cmap>><<oml.cmap>><<oms.cmap>><<omx.cmap>>
LaTeX Font Info:    Trying to load font information for U+msa on input line 86.


(/usr/local/texlive/2021/texmf-dist/tex/latex/amsfonts/umsa.fd
File: umsa.fd 2013/01/14 v3.01 AMS symbols A
)
LaTeX Font Info:    Trying to load font information for U+msb on input line 86.


(/usr/local/texlive/2021/texmf-dist/tex/latex/amsfonts/umsb.fd
File: umsb.fd 2013/01/14 v3.01 AMS symbols B
) [1

{/usr/local/texlive/2021/texmf-var/fonts/map/pdftex/updmap/pdftex.map}] [2


]
(./openfdempost-processing.toc)
\tf@toc=\write6
\openout6 = `openfdempost-processing.toc'.

 [1

] [2

]
Chapter 1.
LaTeX Font Info:    Trying to load font information for T1+pcr on input line 10
7.
(/usr/local/texlive/2021/texmf-dist/tex/latex/psnfss/t1pcr.fd
File: t1pcr.fd 2001/06/04 font definitions for T1/pcr.
)
LaTeX Font Info:    Trying to load font information for TS1+ptm on input line 1
26.

(/usr/local/texlive/2021/texmf-dist/tex/latex/psnfss/ts1ptm.fd
File: ts1ptm.fd 2001/06/04 font definitions for TS1/ptm.
)
LaTeX Font Info:    Font shape `T1/pcr/m/it' in size <10> not available
(Font)              Font shape `T1/pcr/m/sl' tried instead on input line 131.
LaTeX Font Info:    Trying to load font information for TS1+pcr on input line 1
59.

(/usr/local/texlive/2021/texmf-dist/tex/latex/psnfss/ts1pcr.fd
File: ts1pcr.fd 2001/06/04 font definitions for TS1/pcr.
) [1

]
Underfull \hbox (badness 10000) in paragraph at lines 243--243
[]\T1/ptm/m/it/10 st_status=False\T1/ptm/m/n/10 , \T1/ptm/m/it/10 gauge_width=0
\T1/ptm/m/n/10 , \T1/ptm/m/it/10 gauge_length=0\T1/ptm/m/n/10 ,
 []

[2]
Overfull \vbox (2.35071pt too high) detected at line 351
 []

[3]
Underfull \hbox (badness 10000) in paragraph at lines 360--360
[]\T1/ptm/m/it/10 thres_model\T1/ptm/m/n/10 , \T1/ptm/m/it/10 co-ord_xyz\T1/ptm
/m/n/10 , \T1/ptm/m/it/10 lo-ca-tion\T1/ptm/m/n/10 , \T1/ptm/m/it/10 in-clude_c
ells=False\T1/ptm/m/n/10 , \T1/ptm/m/it/10 ad-ja-
 []

[4] [5]
LaTeX Font Info:    Font shape `T1/pcr/m/it' in size <9> not available
(Font)              Font shape `T1/pcr/m/sl' tried instead on input line 540.
 [6] [7] [8]
Underfull \hbox (badness 10000) in paragraph at lines 861--861
\T1/ptm/m/it/10 over-write=False\T1/ptm/m/n/10 , \T1/ptm/m/it/10 com-pres-
 []

[9]
Underfull \hbox (badness 10000) in paragraph at lines 933--933
[]\T1/ptm/m/it/10 f_name\T1/ptm/m/n/10 ,
 []


Underfull \hbox (badness 10000) in paragraph at lines 964--964
[]\T1/ptm/m/it/10 model\T1/ptm/m/n/10 , \T1/ptm/m/it/10 st_status\T1/ptm/m/n/10
 , \T1/ptm/m/it/10 gauge_width\T1/ptm/m/n/10 ,
 []


Underfull \hbox (badness 10000) in paragraph at lines 998--998
[]\T1/ptm/m/it/10 model\T1/ptm/m/n/10 ,
 []


Overfull \hbox (5.94455pt too wide) in paragraph at lines 998--998
\T1/ptm/m/it/10 gauge_length=None\T1/ptm/m/n/10 ,
 []


Overfull \hbox (6.67453pt too wide) in paragraph at lines 998--998
\T1/ptm/m/it/10 gauge_width=None\T1/pcr/m/n/10 ) 
 []

[10]
Underfull \hbox (badness 10000) in paragraph at lines 1030--1030
[]\T1/ptm/m/it/10 f_name\T1/ptm/m/n/10 ,
 []


Underfull \hbox (badness 10000) in paragraph at lines 1030--1030
\T1/ptm/m/it/10 model\T1/ptm/m/n/10 , \T1/ptm/m/it/10 cv\T1/ptm/m/n/10 ,
 []


Underfull \hbox (badness 10000) in paragraph at lines 1061--1061
[]\T1/ptm/m/it/10 model\T1/ptm/m/n/10 , \T1/ptm/m/it/10 platen_id\T1/ptm/m/n/10
 , \T1/ptm/m/it/10 st_status\T1/ptm/m/n/10 ,
 []


Underfull \hbox (badness 10000) in paragraph at lines 1061--1061
\T1/ptm/m/it/10 gauge_width\T1/ptm/m/n/10 , \T1/ptm/m/it/10 gauge_length\T1/ptm
/m/n/10 ,
 []


Underfull \hbox (badness 10000) in paragraph at lines 1098--1098
[]\T1/ptm/m/it/10 model\T1/ptm/m/n/10 ,
 []


Overfull \hbox (11.94455pt too wide) in paragraph at lines 1098--1098
\T1/ptm/m/it/10 gauge_length=None\T1/ptm/m/n/10 ,
 []


Overfull \hbox (12.67453pt too wide) in paragraph at lines 1098--1098
\T1/ptm/m/it/10 gauge_width=None\T1/pcr/m/n/10 ) 
 []

[11]
Underfull \hbox (badness 10000) in paragraph at lines 1130--1130
[]\T1/ptm/m/it/10 f_name\T1/ptm/m/n/10 ,
 []


Underfull \hbox (badness 10000) in paragraph at lines 1130--1130
\T1/ptm/m/it/10 model\T1/ptm/m/n/10 ,
 []


Underfull \hbox (badness 10000) in paragraph at lines 1130--1130
\T1/ptm/m/it/10 cell_id\T1/ptm/m/n/10 ,
 []


Underfull \hbox (badness 10000) in paragraph at lines 1130--1130
\T1/ptm/m/it/10 ar-
 []


Overfull \hbox (10.01466pt too wide) in paragraph at lines 1130--1130
\T1/ptm/m/it/10 ray_needed\T1/pcr/m/n/10 ) 
 []


Underfull \hbox (badness 10000) in paragraph at lines 1161--1161
[]\T1/ptm/m/it/10 model\T1/ptm/m/n/10 , \T1/ptm/m/it/10 cel-lid\T1/ptm/m/n/10 ,
 \T1/ptm/m/it/10 ar-ray-name\T1/ptm/m/n/10 ,
 []

[12] [13]
Underfull \hbox (badness 10000) in paragraph at lines 1376--1376
[]\T1/ptm/m/it/10 f_name\T1/ptm/m/n/10 , \T1/ptm/m/it/10 model\T1/ptm/m/n/10 , 
\T1/ptm/m/it/10 ar-ray\T1/ptm/m/n/10 ,
 []


Underfull \hbox (badness 10000) in paragraph at lines 1410--1410
[]\T1/ptm/m/it/10 model\T1/ptm/m/n/10 , \T1/ptm/m/it/10 platen_id\T1/ptm/m/n/10
 , \T1/ptm/m/it/10 ar-ray\T1/ptm/m/n/10 ,
 []

[14] [15] [16

]
Chapter 2.
[17] [18

]
Overfull \hbox (30.6225pt too wide) in paragraph at lines 1488--1489
[]\T1/pcr/m/n/10 openfdem.complete_BD_thread_pool_generators\T1/ptm/m/n/10 ,
 []


Overfull \hbox (36.6225pt too wide) in paragraph at lines 1489--1490
[]\T1/pcr/m/n/10 openfdem.complete_UCS_thread_pool_generators\T1/ptm/m/n/10 ,
 []


Overfull \hbox (36.6225pt too wide) in paragraph at lines 1490--1491
[]\T1/pcr/m/n/10 openfdem.extract_cell_thread_pool_generators\T1/ptm/m/n/10 ,
 []


Overfull \hbox (18.6225pt too wide) in paragraph at lines 1494--1495
[]\T1/pcr/m/n/10 openfdem.rotary_ds_thread_pool_generators\T1/ptm/m/n/10 ,
 []

[19


] (./openfdempost-processing.ind [20


]
Underfull \hbox (badness 10000) in paragraph at lines 8--10
[]\T1/pcr/m/n/10 abs_sum_array() \T1/ptm/m/n/10 (\T1/ptm/m/it/10 in mod-ule ope
nf-
 []


Underfull \hbox (badness 10000) in paragraph at lines 8--10
\T1/ptm/m/it/10 dem.rotary_ds_thread_pool_generators\T1/ptm/m/n/10 ),
 []


Underfull \hbox (badness 10000) in paragraph at lines 10--11
[]\T1/pcr/m/n/10 aggregate_storage \T1/ptm/m/n/10 (\T1/ptm/m/it/10 class in ope
nf-
 []


Underfull \hbox (badness 10000) in paragraph at lines 18--20
[]\T1/pcr/m/n/10 calc_timer_values() \T1/ptm/m/n/10 (\T1/ptm/m/it/10 in mod-ule
 openf-
 []


Underfull \hbox (badness 10000) in paragraph at lines 20--22
[]\T1/pcr/m/n/10 complete_BD_stress_strain() \T1/ptm/m/n/10 (\T1/ptm/m/it/10 op
enf-
 []


Underfull \hbox (badness 10000) in paragraph at lines 22--24
[]\T1/pcr/m/n/10 complete_stress_strain() \T1/ptm/m/n/10 (\T1/ptm/m/it/10 openf
-
 []


Underfull \hbox (badness 10000) in paragraph at lines 27--29
[]\T1/pcr/m/n/10 docstring_creator() \T1/ptm/m/n/10 (\T1/ptm/m/it/10 in mod-ule
 openf-
 []


Underfull \hbox (badness 10000) in paragraph at lines 35--36
[]\T1/pcr/m/n/10 extract_based_coord() \T1/ptm/m/n/10 (\T1/ptm/m/it/10 openf-
 []


Underfull \hbox (badness 10000) in paragraph at lines 40--42
[]\T1/pcr/m/n/10 file_group_key() \T1/ptm/m/n/10 (\T1/ptm/m/it/10 openf-
 []


Underfull \hbox (badness 10000) in paragraph at lines 40--42
\T1/ptm/m/it/10 dem.aggregate_storage.aggregate_storage
 []


Underfull \hbox (badness 10000) in paragraph at lines 46--47
[]\T1/pcr/m/n/10 green_text() \T1/ptm/m/n/10 (\T1/ptm/m/it/10 in mod-ule openf-

 []


Underfull \hbox (badness 6691) in paragraph at lines 50--52
[]\T1/pcr/m/n/10 history_cellinfo_func() \T1/ptm/m/n/10 (\T1/ptm/m/it/10 in mod
-ule openf-
 []


Underfull \hbox (badness 10000) in paragraph at lines 52--54
[]\T1/pcr/m/n/10 history_strain_func() \T1/ptm/m/n/10 (\T1/ptm/m/it/10 in mod-u
le openf-
 []


Underfull \hbox (badness 10000) in paragraph at lines 52--54
\T1/ptm/m/it/10 dem.complete_BD_thread_pool_generators\T1/ptm/m/n/10 ),
 []


Underfull \hbox (badness 10000) in paragraph at lines 54--56
[]\T1/pcr/m/n/10 history_strain_func() \T1/ptm/m/n/10 (\T1/ptm/m/it/10 in mod-u
le openf-
 []


Underfull \hbox (badness 10000) in paragraph at lines 54--56
\T1/ptm/m/it/10 dem.complete_UCS_thread_pool_generators\T1/ptm/m/n/10 ),
 []


Underfull \hbox (badness 10000) in paragraph at lines 59--61
[]\T1/pcr/m/n/10 main() \T1/ptm/m/n/10 (\T1/ptm/m/it/10 in mod-ule openf-
 []


Underfull \hbox (badness 10000) in paragraph at lines 59--61
\T1/ptm/m/it/10 dem.complete_BD_thread_pool_generators\T1/ptm/m/n/10 ),
 []


Underfull \hbox (badness 10000) in paragraph at lines 61--63
[]\T1/pcr/m/n/10 main() \T1/ptm/m/n/10 (\T1/ptm/m/it/10 in mod-ule openf-
 []


Underfull \hbox (badness 10000) in paragraph at lines 61--63
\T1/ptm/m/it/10 dem.complete_UCS_thread_pool_generators\T1/ptm/m/n/10 ),
 []


Underfull \hbox (badness 10000) in paragraph at lines 63--65
[]\T1/pcr/m/n/10 main() \T1/ptm/m/n/10 (\T1/ptm/m/it/10 in mod-ule openf-
 []


Underfull \hbox (badness 10000) in paragraph at lines 63--65
\T1/ptm/m/it/10 dem.extract_cell_thread_pool_generators\T1/ptm/m/n/10 ),
 []


Underfull \hbox (badness 10000) in paragraph at lines 65--67
[]\T1/pcr/m/n/10 main() \T1/ptm/m/n/10 (\T1/ptm/m/it/10 in mod-ule openf-
 []


Underfull \hbox (badness 10000) in paragraph at lines 65--67
\T1/ptm/m/it/10 dem.rotary_ds_thread_pool_generators\T1/ptm/m/n/10 ),
 []


Underfull \hbox (badness 10000) in paragraph at lines 67--68
[]\T1/pcr/m/n/10 mat_bound_check() \T1/ptm/m/n/10 (\T1/ptm/m/it/10 openf-dem.op
enfdem.Model
 []


Underfull \hbox (badness 10000) in paragraph at lines 69--70
[]\T1/pcr/m/n/10 model_dimensions() \T1/ptm/m/n/10 (\T1/ptm/m/it/10 openf-dem.o
penfdem.Model
 []


Underfull \hbox (badness 10000) in paragraph at lines 70--71
[]\T1/pcr/m/n/10 model_domain() \T1/ptm/m/n/10 (\T1/ptm/m/it/10 openf-dem.openf
dem.Model
 []


Overfull \hbox (50.6225pt too wide) in paragraph at lines 74--75
[]| \T1/pcr/m/n/10 openfdem.complete_BD_thread_pool_generators\T1/ptm/m/n/10 ,
 []


Overfull \hbox (56.6225pt too wide) in paragraph at lines 75--76
[]| \T1/pcr/m/n/10 openfdem.complete_UCS_thread_pool_generators\T1/ptm/m/n/10 ,

 []


Overfull \hbox (56.6225pt too wide) in paragraph at lines 76--77
[]| \T1/pcr/m/n/10 openfdem.extract_cell_thread_pool_generators\T1/ptm/m/n/10 ,

 []


Overfull \hbox (38.6225pt too wide) in paragraph at lines 80--81
[]| \T1/pcr/m/n/10 openfdem.rotary_ds_thread_pool_generators\T1/ptm/m/n/10 ,
 []

[21

]
Underfull \hbox (badness 10000) in paragraph at lines 82--83
[]\T1/pcr/m/n/10 multiprocess_async() \T1/ptm/m/n/10 (\T1/ptm/m/it/10 in mod-ul
e openf-
 []


Underfull \hbox (badness 6691) in paragraph at lines 83--85
[]\T1/pcr/m/n/10 multiprocess_lib_read() \T1/ptm/m/n/10 (\T1/ptm/m/it/10 in mod
-ule openf-
 []


Overfull \hbox (28.1225pt too wide) in paragraph at lines 96--97
[]\T1/pcr/m/n/10 openfdem.complete_BD_thread_pool_generators 
 []


Overfull \hbox (34.1225pt too wide) in paragraph at lines 98--99
[]\T1/pcr/m/n/10 openfdem.complete_UCS_thread_pool_generators 
 []


Overfull \hbox (34.1225pt too wide) in paragraph at lines 100--101
[]\T1/pcr/m/n/10 openfdem.extract_cell_thread_pool_generators 
 []


Overfull \hbox (16.1225pt too wide) in paragraph at lines 108--109
[]\T1/pcr/m/n/10 openfdem.rotary_ds_thread_pool_generators 
 []


Underfull \hbox (badness 10000) in paragraph at lines 110--111
[]\T1/pcr/m/n/10 openfdem_att_check() \T1/ptm/m/n/10 (\T1/ptm/m/it/10 openf-
 []


Underfull \hbox (badness 10000) in paragraph at lines 115--116
[]\T1/pcr/m/n/10 plot_stress_strain() \T1/ptm/m/n/10 (\T1/ptm/m/it/10 openf-
 []


Underfull \hbox (badness 10000) in paragraph at lines 116--117
[]\T1/pcr/m/n/10 print_progress() \T1/ptm/m/n/10 (\T1/ptm/m/it/10 in mod-ule op
enf-
 []


Underfull \hbox (badness 10000) in paragraph at lines 118--119
[]\T1/pcr/m/n/10 pv_read_queue() \T1/ptm/m/n/10 (\T1/ptm/m/it/10 in mod-ule ope
nf-
 []


Underfull \hbox (badness 10000) in paragraph at lines 122--124
[]\T1/pcr/m/n/10 read_file() \T1/ptm/m/n/10 (\T1/ptm/m/it/10 openf-
 []


Underfull \hbox (badness 10000) in paragraph at lines 122--124
\T1/ptm/m/it/10 dem.aggregate_storage.aggregate_storage
 []


Underfull \hbox (badness 10000) in paragraph at lines 125--127
[]\T1/pcr/m/n/10 rock_sample_dimensions() \T1/ptm/m/n/10 (\T1/ptm/m/it/10 openf
-
 []


Underfull \hbox (badness 10000) in paragraph at lines 127--129
[]\T1/pcr/m/n/10 rotary_shear_calculation() \T1/ptm/m/n/10 (\T1/ptm/m/it/10 ope
nf-
 []


Underfull \hbox (badness 10000) in paragraph at lines 132--134
[]\T1/pcr/m/n/10 set_strain_gauge() \T1/ptm/m/n/10 (\T1/ptm/m/it/10 in mod-ule 
openf-
 []


Underfull \hbox (badness 10000) in paragraph at lines 132--134
\T1/ptm/m/it/10 dem.complete_BD_thread_pool_generators\T1/ptm/m/n/10 ),
 []


Underfull \hbox (badness 10000) in paragraph at lines 134--136
[]\T1/pcr/m/n/10 set_strain_gauge() \T1/ptm/m/n/10 (\T1/ptm/m/it/10 in mod-ule 
openf-
 []


Underfull \hbox (badness 10000) in paragraph at lines 134--136
\T1/ptm/m/it/10 dem.complete_UCS_thread_pool_generators\T1/ptm/m/n/10 ),
 []


Underfull \hbox (badness 10000) in paragraph at lines 136--137
[]\T1/pcr/m/n/10 simulation_type() \T1/ptm/m/n/10 (\T1/ptm/m/it/10 openf-dem.op
enfdem.Model
 []


Underfull \hbox (badness 10000) in paragraph at lines 137--139
[]\T1/pcr/m/n/10 store_file() \T1/ptm/m/n/10 (\T1/ptm/m/it/10 openf-
 []


Underfull \hbox (badness 10000) in paragraph at lines 137--139
\T1/ptm/m/it/10 dem.aggregate_storage.aggregate_storage
 []


Underfull \hbox (badness 10000) in paragraph at lines 139--141
[]\T1/pcr/m/n/10 sub_filter() \T1/ptm/m/n/10 (\T1/ptm/m/it/10 in mod-ule openf-

 []


Underfull \hbox (badness 10000) in paragraph at lines 139--141
\T1/ptm/m/it/10 dem.rotary_ds_thread_pool_generators\T1/ptm/m/n/10 ),
 []


Underfull \hbox (badness 10000) in paragraph at lines 149--150
[]\T1/pcr/m/n/10 unpack_DataFrame() \T1/ptm/m/n/10 (\T1/ptm/m/it/10 openf-dem.o
penfdem.Model
 []

[22]) (./openfdempost-processing.aux)
Package rerunfilecheck Info: File `openfdempost-processing.out' has not changed
.
(rerunfilecheck)             Checksum: 53A4BB2C27FED6AEFA343AB6C18E811D;575.
 ) 
Here is how much of TeX's memory you used:
 13346 strings out of 478994
 194881 string characters out of 5858185
 594783 words of memory out of 5000000
 30399 multiletter control sequences out of 15000+600000
 454794 words of font info for 92 fonts, out of 8000000 for 9000
 1142 hyphenation exceptions out of 8191
 83i,11n,88p,683b,747s stack positions out of 5000i,500n,10000p,200000b,80000s
{/usr/local/texlive/2021/texmf-dist/fonts/enc/dvips/base/8r.enc}</usr/local/t
exlive/2021/texmf-dist/fonts/type1/public/amsfonts/cm/cmmi5.pfb></usr/local/tex
live/2021/texmf-dist/fonts/type1/public/amsfonts/cm/cmsy5.pfb></usr/local/texli
ve/2021/texmf-dist/fonts/type1/urw/courier/ucrb8a.pfb></usr/local/texlive/2021/
texmf-dist/fonts/type1/urw/courier/ucrr8a.pfb></usr/local/texlive/2021/texmf-di
st/fonts/type1/urw/courier/ucrro8a.pfb></usr/local/texlive/2021/texmf-dist/font
s/type1/urw/helvetic/uhvb8a.pfb></usr/local/texlive/2021/texmf-dist/fonts/type1
/urw/helvetic/uhvbo8a.pfb></usr/local/texlive/2021/texmf-dist/fonts/type1/urw/h
elvetic/uhvr8a.pfb></usr/local/texlive/2021/texmf-dist/fonts/type1/urw/times/ut
mb8a.pfb></usr/local/texlive/2021/texmf-dist/fonts/type1/urw/times/utmr8a.pfb><
/usr/local/texlive/2021/texmf-dist/fonts/type1/urw/times/utmri8a.pfb>
Output written on openfdempost-processing.pdf (26 pages, 170342 bytes).
PDF statistics:
 358 PDF objects out of 1000 (max. 8388607)
 310 compressed objects within 4 object streams
 90 named destinations out of 1000 (max. 500000)
 61 words of extra memory for PDF output out of 10000 (max. 10000000)

